Build started 5/16/2016 2:25:29 PM.
     1>Project "C:\Users\edwardo\Documents\Visual Studio 2013\Projects\jimmyjump\RPG_Tutorial\RPG_Tutorial.vcxproj" on node 2 (Build target(s)).
     1>ClCompile:
         C:\Program Files (x86)\Microsoft Visual Studio 12.0\VC\bin\CL.exe /c /I"C:\Users\edwardo\Documents\Visual Studio 2013\Projects\jimmyjump\dependencies\include" /ZI /nologo /W3 /WX- /sdl /Od /Oy- /D _MBCS /Gm /EHsc /RTC1 /MDd /GS /fp:precise /Zc:wchar_t /Zc:forScope /Fo"Debug\\" /Fd"Debug\vc120.pdb" /Gd /TP /analyze- /errorReport:prompt Box2dDebugger.cpp Box2dMapper.cpp CharacterGroupingService.cpp CollisionCategory.cpp Utility.cpp
         Box2dDebugger.cpp
     1>c:\users\edwardo\documents\visual studio 2013\projects\jimmyjump\rpg_tutorial\box2ddebugger.cpp(15): warning C4244: '=' : conversion from 'const float32' to 'int', possible loss of data
     1>c:\users\edwardo\documents\visual studio 2013\projects\jimmyjump\rpg_tutorial\box2ddebugger.cpp(16): warning C4244: '=' : conversion from 'const float32' to 'int', possible loss of data
     1>c:\users\edwardo\documents\visual studio 2013\projects\jimmyjump\rpg_tutorial\box2ddebugger.cpp(17): warning C4244: '=' : conversion from 'const float32' to 'int', possible loss of data
     1>c:\users\edwardo\documents\visual studio 2013\projects\jimmyjump\rpg_tutorial\box2ddebugger.cpp(18): warning C4244: '=' : conversion from 'const float32' to 'int', possible loss of data
         Generating Code...
         Skipping... (no relevant changes detected)
         Utility.cpp
         CollisionCategory.cpp
         CharacterGroupingService.cpp
         Box2dMapper.cpp
       Link:
         C:\Program Files (x86)\Microsoft Visual Studio 12.0\VC\bin\link.exe /ERRORREPORT:PROMPT /OUT:"C:\Users\edwardo\Documents\Visual Studio 2013\Projects\jimmyjump\Debug\RPG_Tutorial.exe" /INCREMENTAL /NOLOGO /LIBPATH:"C:\Users\edwardo\Documents\Visual Studio 2013\Projects\jimmyjump\dependencies\lib" SDL2.0/SDL2.lib SDL2.0/SDL2main.lib SDL2.0/SDL2test.lib SDL2.0/SDL2_image.lib SDL2.0/SDL2_mixer.lib SDL2.0/SDL2_ttf.lib Box2D/Box2D.lib kernel32.lib user32.lib gdi32.lib winspool.lib comdlg32.lib advapi32.lib shell32.lib ole32.lib oleaut32.lib uuid.lib odbc32.lib odbccp32.lib /MANIFEST /MANIFESTUAC:"level='asInvoker' uiAccess='false'" /manifest:embed /DEBUG /PDB:"C:\Users\edwardo\Documents\Visual Studio 2013\Projects\jimmyjump\Debug\RPG_Tutorial.pdb" /SUBSYSTEM:CONSOLE /TLBID:1 /DYNAMICBASE /NXCOMPAT /IMPLIB:"C:\Users\edwardo\Documents\Visual Studio 2013\Projects\jimmyjump\Debug\RPG_Tutorial.lib" /MACHINE:X86 Debug\Box2dDebugger.obj
         Debug\Box2dMapper.obj
         Debug\Box2dService.obj
         Debug\CharacterGroupingService.obj
         Debug\CollisionCategory.obj
         Debug\Errors.obj
         Debug\main.obj
         Debug\MainCharacter.obj
         Debug\MovableObject.obj
         Debug\Object.obj
         Debug\ObjectManager.obj
         Debug\ObjectPhysicalPropertiesService.obj
         Debug\Platform.obj
         Debug\Sensor.obj
         Debug\SensorService.obj
         Debug\TextureCache.obj
         Debug\TheGame.obj
         Debug\Utility.obj
         Debug\World.obj
         Debug\CoordinateService.obj
     1>MSVCRTD.lib(cinitexe.obj) : warning LNK4098: defaultlib 'msvcrt.lib' conflicts with use of other libs; use /NODEFAULTLIB:library
     1>Box2dDebugger.obj : error LNK2019: unresolved external symbol "public: __thiscall DebugDraw::DebugDraw(void)" (??0DebugDraw@@QAE@XZ) referenced in function "public: __thiscall Box2dDebugger::Box2dDebugger(void)" (??0Box2dDebugger@@QAE@XZ)
     1>Box2dDebugger.obj : error LNK2019: unresolved external symbol "public: virtual __thiscall DebugDraw::~DebugDraw(void)" (??1DebugDraw@@UAE@XZ) referenced in function "public: virtual __thiscall Box2dDebugger::~Box2dDebugger(void)" (??1Box2dDebugger@@UAE@XZ)
     1>C:\Users\edwardo\Documents\Visual Studio 2013\Projects\jimmyjump\Debug\RPG_Tutorial.exe : fatal error LNK1120: 2 unresolved externals
     1>Done Building Project "C:\Users\edwardo\Documents\Visual Studio 2013\Projects\jimmyjump\RPG_Tutorial\RPG_Tutorial.vcxproj" (Build target(s)) -- FAILED.

Build FAILED.

Time Elapsed 00:00:01.92
